This is pdfTeX, Version 3.141592653-2.6-1.40.24 (MiKTeX 22.11.25) (preloaded format=pdflatex 2022.12.5)  14 JUN 2023 23:36
entering extended mode
 restricted \write18 enabled.
 %&-line parsing enabled.
**./Documentation.tex
(Documentation.tex
LaTeX2e <2022-11-01> patch level 1
L3 programming layer <2022-11-02>
(C:\Program Files\MiKTeX\tex/latex/koma-script\scrreprt.cls
Document Class: scrreprt 2022/10/12 v3.38 KOMA-Script document class (report)
(C:\Program Files\MiKTeX\tex/latex/koma-script\scrkbase.sty
Package: scrkbase 2022/10/12 v3.38 KOMA-Script package (KOMA-Script-dependent b
asics and keyval usage)

(C:\Program Files\MiKTeX\tex/latex/koma-script\scrbase.sty
Package: scrbase 2022/10/12 v3.38 KOMA-Script package (KOMA-Script-independent 
basics and keyval usage)

(C:\Program Files\MiKTeX\tex/latex/koma-script\scrlfile.sty
Package: scrlfile 2022/10/12 v3.38 KOMA-Script package (file load hooks)

(C:\Program Files\MiKTeX\tex/latex/koma-script\scrlfile-hook.sty
Package: scrlfile-hook 2022/10/12 v3.38 KOMA-Script package (using LaTeX hooks)


(C:\Program Files\MiKTeX\tex/latex/koma-script\scrlogo.sty
Package: scrlogo 2022/10/12 v3.38 KOMA-Script package (logo)
)))
(C:\Program Files\MiKTeX\tex/latex/graphics\keyval.sty
Package: keyval 2022/05/29 v1.15 key=value parser (DPC)
\KV@toks@=\toks16
)
Applying: [2021/05/01] Usage of raw or classic option list on input line 252.
Already applied: [0000/00/00] Usage of raw or classic option list on input line
 368.
))
(C:\Program Files\MiKTeX\tex/latex/koma-script\tocbasic.sty
Package: tocbasic 2022/10/12 v3.38 KOMA-Script package (handling toc-files)
\scr@dte@tocline@numberwidth=\skip48
\scr@dte@tocline@numbox=\box51
)
Package tocbasic Info: omitting babel extension for `toc'
(tocbasic)             because of feature `nobabel' available
(tocbasic)             for `toc' on input line 137.
Package scrreprt Info: You've used standard option `11pt'.
(scrreprt)             This is correct!
(scrreprt)             Internally I'm using `fontsize=11pt'.
(scrreprt)             If you'd like to set the option with \KOMAoptions,
(scrreprt)             you'd have to use `fontsize=11pt' there
(scrreprt)             instead of `11pt', too.
Class scrreprt Info: You've used standard option `openright'.
(scrreprt)           This is correct!
(scrreprt)           Internally I'm using `open=right'.
(scrreprt)           If you'd like to set the option with \KOMAoptions,
(scrreprt)           you'd have to use `open=right' there
(scrreprt)           instead of `openright', too.
Class scrreprt Info: You've used standard option `notitlepage'.
(scrreprt)           This is correct!
(scrreprt)           Internally I'm using `titlepage=false'.
(scrreprt)           If you'd like to set the option with \KOMAoptions,
(scrreprt)           you'd have to use `titlepage=false' there
(scrreprt)           instead of `notitlepage', too.
Class scrreprt Info: File `scrsize11pt.clo' used to setup font sizes on input l
ine 2614.

(C:\Program Files\MiKTeX\tex/latex/koma-script\scrsize11pt.clo
File: scrsize11pt.clo 2022/10/12 v3.38 KOMA-Script font size class option (11pt
)
)
(C:\Program Files\MiKTeX\tex/latex/koma-script\typearea.sty
Package: typearea 2022/10/12 v3.38 KOMA-Script package (type area)
\ta@bcor=\skip49
\ta@div=\count185
Package typearea Info: You've used standard option `a4paper'.
(typearea)             This is correct!
(typearea)             Internally I'm using `paper=a4'.
(typearea)             If you'd like to set the option with \KOMAoptions,
(typearea)             you'd have to use `paper=a4' there
(typearea)             instead of `a4paper', too.
\ta@hblk=\skip50
\ta@vblk=\skip51
\ta@temp=\skip52
\footheight=\skip53
Package typearea Info: These are the values describing the layout:
(typearea)             DIV  = 10
(typearea)             BCOR = 0.0pt
(typearea)             \paperwidth      = 597.50793pt
(typearea)              \textwidth      = 418.25555pt
(typearea)              DIV departure   = -6%
(typearea)              \evensidemargin = 47.2316pt
(typearea)              \oddsidemargin  = -12.5192pt
(typearea)             \paperheight     = 845.04694pt
(typearea)              \textheight     = 595.80026pt
(typearea)              \topmargin      = -25.16531pt
(typearea)              \headheight     = 17.0pt
(typearea)              \headsep        = 20.40001pt
(typearea)              \topskip        = 11.0pt
(typearea)              \footskip       = 47.6pt
(typearea)              \baselineskip   = 13.6pt
(typearea)              on input line 1767.
)
\c@part=\count186
\c@chapter=\count187
\c@section=\count188
\c@subsection=\count189
\c@subsubsection=\count190
\c@paragraph=\count191
\c@subparagraph=\count192
\scr@dte@chapter@maxnumwidth=\skip54
Class scrreprt Info: using compatibility default `afterindent=bysign'
(scrreprt)           for `\chapter on input line 5902.
\scr@dte@section@maxnumwidth=\skip55
Class scrreprt Info: using compatibility default `runin=bysign'
(scrreprt)           for `\section on input line 5913.
Class scrreprt Info: using compatibility default `afterindent=bysign'
(scrreprt)           for `\section on input line 5913.
\scr@dte@part@maxnumwidth=\skip56
Class scrreprt Info: using compatibility default `afterindent=true'
(scrreprt)           for `\part on input line 5922.
\scr@dte@subsection@maxnumwidth=\skip57
Class scrreprt Info: using compatibility default `runin=bysign'
(scrreprt)           for `\subsection on input line 5932.
Class scrreprt Info: using compatibility default `afterindent=bysign'
(scrreprt)           for `\subsection on input line 5932.
\scr@dte@subsubsection@maxnumwidth=\skip58
Class scrreprt Info: using compatibility default `runin=bysign'
(scrreprt)           for `\subsubsection on input line 5942.
Class scrreprt Info: using compatibility default `afterindent=bysign'
(scrreprt)           for `\subsubsection on input line 5942.
\scr@dte@paragraph@maxnumwidth=\skip59
Class scrreprt Info: using compatibility default `runin=bysign'
(scrreprt)           for `\paragraph on input line 5953.
Class scrreprt Info: using compatibility default `afterindent=bysign'
(scrreprt)           for `\paragraph on input line 5953.
\scr@dte@subparagraph@maxnumwidth=\skip60
Class scrreprt Info: using compatibility default `runin=bysign'
(scrreprt)           for `\subparagraph on input line 5963.
Class scrreprt Info: using compatibility default `afterindent=bysign'
(scrreprt)           for `\subparagraph on input line 5963.
\abovecaptionskip=\skip61
\belowcaptionskip=\skip62
\c@pti@nb@sid@b@x=\box52
Package tocbasic Info: omitting babel extension for `lof'
(tocbasic)             because of feature `nobabel' available
(tocbasic)             for `lof' on input line 7140.
\scr@dte@figure@maxnumwidth=\skip63
\c@figure=\count193
Package tocbasic Info: omitting babel extension for `lot'
(tocbasic)             because of feature `nobabel' available
(tocbasic)             for `lot' on input line 7157.
\scr@dte@table@maxnumwidth=\skip64
\c@table=\count194
Class scrreprt Info: Redefining `\numberline' on input line 7328.
\bibindent=\dimen140
)
(C:\Program Files\MiKTeX\tex/latex/cmbright\cmbright.sty
Package: cmbright 2005/04/13 v8.1 (WaS)
LaTeX Font Info:    Redeclaring symbol font `operators' on input line 29.
LaTeX Font Info:    Overwriting symbol font `operators' in version `normal'
(Font)                  OT1/cmr/m/n --> OT1/cmbr/m/n on input line 29.
LaTeX Font Info:    Overwriting symbol font `operators' in version `bold'
(Font)                  OT1/cmr/bx/n --> OT1/cmbr/m/n on input line 29.
LaTeX Font Info:    Redeclaring symbol font `letters' on input line 30.
LaTeX Font Info:    Overwriting symbol font `letters' in version `normal'
(Font)                  OML/cmm/m/it --> OML/cmbrm/m/it on input line 30.
LaTeX Font Info:    Overwriting symbol font `letters' in version `bold'
(Font)                  OML/cmm/b/it --> OML/cmbrm/m/it on input line 30.
LaTeX Font Info:    Overwriting symbol font `letters' in version `bold'
(Font)                  OML/cmbrm/m/it --> OML/cmbrm/b/it on input line 31.
LaTeX Font Info:    Redeclaring symbol font `symbols' on input line 32.
LaTeX Font Info:    Overwriting symbol font `symbols' in version `normal'
(Font)                  OMS/cmsy/m/n --> OMS/cmbrs/m/n on input line 32.
LaTeX Font Info:    Overwriting symbol font `symbols' in version `bold'
(Font)                  OMS/cmsy/b/n --> OMS/cmbrs/m/n on input line 32.
LaTeX Font Info:    Redeclaring math alphabet \mathit on input line 33.
LaTeX Font Info:    Overwriting math alphabet `\mathit' in version `normal'
(Font)                  OT1/cmr/m/it --> OT1/cmbr/m/sl on input line 33.
LaTeX Font Info:    Overwriting math alphabet `\mathit' in version `bold'
(Font)                  OT1/cmr/bx/it --> OT1/cmbr/m/sl on input line 33.
LaTeX Font Info:    Redeclaring math alphabet \mathbf on input line 34.
LaTeX Font Info:    Overwriting math alphabet `\mathbf' in version `normal'
(Font)                  OT1/cmr/bx/n --> OT1/cmbr/bx/n on input line 34.
LaTeX Font Info:    Overwriting math alphabet `\mathbf' in version `bold'
(Font)                  OT1/cmr/bx/n --> OT1/cmbr/bx/n on input line 34.
LaTeX Font Info:    Redeclaring math alphabet \mathtt on input line 35.
LaTeX Font Info:    Overwriting math alphabet `\mathtt' in version `normal'
(Font)                  OT1/cmtt/m/n --> OT1/cmtl/m/n on input line 35.
LaTeX Font Info:    Overwriting math alphabet `\mathtt' in version `bold'
(Font)                  OT1/cmtt/m/n --> OT1/cmtl/m/n on input line 35.
LaTeX Font Info:    Redeclaring math symbol \alpha on input line 37.
LaTeX Font Info:    Redeclaring math symbol \beta on input line 38.
LaTeX Font Info:    Redeclaring math symbol \gamma on input line 39.
LaTeX Font Info:    Redeclaring math symbol \delta on input line 40.
LaTeX Font Info:    Redeclaring math symbol \epsilon on input line 41.
LaTeX Font Info:    Redeclaring math symbol \zeta on input line 42.
LaTeX Font Info:    Redeclaring math symbol \eta on input line 43.
LaTeX Font Info:    Redeclaring math symbol \theta on input line 44.
LaTeX Font Info:    Redeclaring math symbol \iota on input line 45.
LaTeX Font Info:    Redeclaring math symbol \kappa on input line 46.
LaTeX Font Info:    Redeclaring math symbol \lambda on input line 47.
LaTeX Font Info:    Redeclaring math symbol \mu on input line 48.
LaTeX Font Info:    Redeclaring math symbol \nu on input line 49.
LaTeX Font Info:    Redeclaring math symbol \xi on input line 50.
LaTeX Font Info:    Redeclaring math symbol \pi on input line 51.
LaTeX Font Info:    Redeclaring math symbol \rho on input line 52.
LaTeX Font Info:    Redeclaring math symbol \sigma on input line 53.
LaTeX Font Info:    Redeclaring math symbol \tau on input line 54.
LaTeX Font Info:    Redeclaring math symbol \upsilon on input line 55.
LaTeX Font Info:    Redeclaring math symbol \phi on input line 56.
LaTeX Font Info:    Redeclaring math symbol \chi on input line 57.
LaTeX Font Info:    Redeclaring math symbol \psi on input line 58.
LaTeX Font Info:    Redeclaring math symbol \omega on input line 59.
LaTeX Font Info:    Redeclaring math symbol \varepsilon on input line 60.
LaTeX Font Info:    Redeclaring math symbol \vartheta on input line 61.
LaTeX Font Info:    Redeclaring math symbol \varpi on input line 62.
LaTeX Font Info:    Redeclaring math symbol \varrho on input line 63.
LaTeX Font Info:    Redeclaring math symbol \varsigma on input line 64.
LaTeX Font Info:    Redeclaring math symbol \varphi on input line 65.
LaTeX Info: Redefining \LaTeX on input line 129.
LaTeX Info: Redefining \LaTeXe on input line 139.
LaTeX Font Info:    Trying to load font information for OT1+cmbr on input line 
144.

(C:\Program Files\MiKTeX\tex/latex/cmbright\ot1cmbr.fd
File: ot1cmbr.fd 2005/04/13 v8.1 (WaS)
))
(C:\Program Files\MiKTeX\tex/generic/babel\babel.sty
Package: babel 2022/11/30 3.83 The Babel package
\babel@savecnt=\count195
\U@D=\dimen141
\l@unhyphenated=\language79

(C:\Program Files\MiKTeX\tex/generic/babel\txtbabel.def)
\bbl@readstream=\read2
\bbl@dirlevel=\count196

*************************************
* Local config file bblopts.cfg used
*
(C:\Program Files\MiKTeX\tex/latex/arabi\bblopts.cfg
File: bblopts.cfg 2005/09/08 v0.1 add Arabic and Farsi to "declared" options of
 babel
)
(C:\Program Files\MiKTeX\tex/latex/babel-german\ngerman.ldf
Language: ngerman 2021/02/27 v2.13 German support for babel (post-1996 orthogra
phy)

(C:\Program Files\MiKTeX\tex/latex/babel-german\ngermanb.ldf
Language: ngermanb 2021/02/27 v2.13 German support for babel (post-1996 orthogr
aphy)
Package babel Info: Making " an active character on input line 122.
))
(C:\Program Files\MiKTeX\tex/latex/babel-english\english.ldf
Language: english 2017/06/06 v3.3r English support from the babel system
Package babel Info: Hyphen rules for 'canadian' set to \l@english
(babel)             (\language0). Reported on input line 102.
Package babel Info: Hyphen rules for 'australian' set to \l@ukenglish
(babel)             (\language73). Reported on input line 105.
Package babel Info: Hyphen rules for 'newzealand' set to \l@ukenglish
(babel)             (\language73). Reported on input line 108.
))
(C:\Program Files\MiKTeX\tex/generic/babel/locale/en\babel-english.tex
Package babel Info: Importing font and identification data for english
(babel)             from babel-en.ini. Reported on input line 11.
)
(C:\Program Files\MiKTeX\tex/generic/babel/locale/de\babel-ngerman.tex
Package babel Info: Importing font and identification data for ngerman
(babel)             from babel-de.ini. Reported on input line 11.
)
(C:\Program Files\MiKTeX\tex/latex/base\inputenc.sty
Package: inputenc 2021/02/14 v1.3d Input encoding file
\inpenc@prehook=\toks17
\inpenc@posthook=\toks18

(C:\Program Files\MiKTeX\tex/latex/base\ansinew.def
File: ansinew.def 2021/02/14 v1.3d Input encoding file
))
(C:\Program Files\MiKTeX\tex/latex/base\fontenc.sty
Package: fontenc 2021/04/29 v2.0v Standard LaTeX package
LaTeX Font Info:    Trying to load font information for T1+cmbr on input line 1
12.

(C:\Program Files\MiKTeX\tex/latex/cmbright\t1cmbr.fd
File: t1cmbr.fd 2005/04/13 v8.1 (WaS)
))
(C:\Program Files\MiKTeX\tex/latex/base\textcomp.sty
Package: textcomp 2020/02/02 v2.0n Standard LaTeX package
)
(C:\Program Files\MiKTeX\tex/latex/ae\ae.sty
Package: ae 2001/02/12 1.3 Almost European Computer Modern

(C:\Program Files\MiKTeX\tex/latex/base\fontenc.sty
Package: fontenc 2021/04/29 v2.0v Standard LaTeX package
))

Class scrreprt Warning: Usage of package `fancyhdr' together
(scrreprt)              with a KOMA-Script class is not recommended.
(scrreprt)              I'd suggest to use 
(scrreprt)              package `scrlayer' or `scrlayer-scrpage', because
(scrreprt)              they support KOMA-Script classes.
(scrreprt)              With `fancyhdr' several features of class `scrreprt'
(scrreprt)              like options `headsepline', `footsepline' or command
(scrreprt)              `\MakeMarkcase' and the commands `\setkomafont' and
(scrreprt)              `\addtokomafont' for the page style elements need
(scrreprt)              explicite user intervention to work.
(scrreprt)              Nevertheless, using requested
(scrreprt)              package `fancyhdr' on input line 34.

(C:\Program Files\MiKTeX\tex/latex/fancyhdr\fancyhdr.sty
Package: fancyhdr 2022/11/09 v4.1 Extensive control of page headers and footers

\f@nch@headwidth=\skip65
\f@nch@O@elh=\skip66
\f@nch@O@erh=\skip67
\f@nch@O@olh=\skip68
\f@nch@O@orh=\skip69
\f@nch@O@elf=\skip70
\f@nch@O@erf=\skip71
\f@nch@O@olf=\skip72
\f@nch@O@orf=\skip73
)
(C:\Program Files\MiKTeX\tex/latex/etoolbox\etoolbox.sty
Package: etoolbox 2020/10/05 v2.5k e-TeX tools for LaTeX (JAW)
\etb@tempcnta=\count197
)
(C:\Program Files\MiKTeX\tex/latex/graphics\graphicx.sty
Package: graphicx 2021/09/16 v1.2d Enhanced LaTeX Graphics (DPC,SPQR)

(C:\Program Files\MiKTeX\tex/latex/graphics\graphics.sty
Package: graphics 2022/03/10 v1.4e Standard LaTeX Graphics (DPC,SPQR)

(C:\Program Files\MiKTeX\tex/latex/graphics\trig.sty
Package: trig 2021/08/11 v1.11 sin cos tan (DPC)
)
(C:\Program Files\MiKTeX\tex/latex/graphics-cfg\graphics.cfg
File: graphics.cfg 2016/06/04 v1.11 sample graphics configuration
)
Package graphics Info: Driver file: pdftex.def on input line 107.

(C:\Program Files\MiKTeX\tex/latex/graphics-def\pdftex.def
File: pdftex.def 2022/09/22 v1.2b Graphics/color driver for pdftex
))
\Gin@req@height=\dimen142
\Gin@req@width=\dimen143
)
(C:\Program Files\MiKTeX\tex/latex/float\float.sty
Package: float 2001/11/08 v1.3d Float enhancements (AL)
\c@float@type=\count198
\float@exts=\toks19
\float@box=\box53
\@float@everytoks=\toks20
\@floatcapt=\box54
)
(C:\Program Files\MiKTeX\tex/latex/caption\caption.sty
Package: caption 2022/03/01 v3.6b Customizing captions (AR)

(C:\Program Files\MiKTeX\tex/latex/caption\caption3.sty
Package: caption3 2022/03/17 v2.3b caption3 kernel (AR)
\caption@tempdima=\dimen144
\captionmargin=\dimen145
\caption@leftmargin=\dimen146
\caption@rightmargin=\dimen147
\caption@width=\dimen148
\caption@indent=\dimen149
\caption@parindent=\dimen150
\caption@hangindent=\dimen151
Package caption Info: KOMA-Script document class detected.

(C:\Program Files\MiKTeX\tex/latex/caption\caption-koma.sto
File: caption-koma.sto 2020/09/21 v2.0b Adaption of the caption package to the 
KOMA-Script document classes (AR)
))
\c@caption@flags=\count199
\c@continuedfloat=\count266
Package caption Info: float package is loaded.
)
(C:\Program Files\MiKTeX\tex/latex/booktabs\booktabs.sty
Package: booktabs 2020/01/12 v1.61803398 Publication quality tables
\heavyrulewidth=\dimen152
\lightrulewidth=\dimen153
\cmidrulewidth=\dimen154
\belowrulesep=\dimen155
\belowbottomsep=\dimen156
\aboverulesep=\dimen157
\abovetopsep=\dimen158
\cmidrulesep=\dimen159
\cmidrulekern=\dimen160
\defaultaddspace=\dimen161
\@cmidla=\count267
\@cmidlb=\count268
\@aboverulesep=\dimen162
\@belowrulesep=\dimen163
\@thisruleclass=\count269
\@lastruleclass=\count270
\@thisrulewidth=\dimen164
)
(C:\Program Files\MiKTeX\tex/latex/tocvsec2\tocvsec2.sty
Package: tocvsec2 2014/03/10 v1.3a variable ToC section entries

(C:\Program Files\MiKTeX\tex/latex/base\ifthen.sty
Package: ifthen 2022/04/13 v1.1d Standard LaTeX ifthen package (DPC)
)
\c@max@tocdepth=\count271
\c@max@secnumdepth=\count272
)
(C:\Program Files\MiKTeX\tex/latex/amsmath\amsmath.sty
Package: amsmath 2022/04/08 v2.17n AMS math features
\@mathmargin=\skip74

For additional information on amsmath, use the `?' option.
(C:\Program Files\MiKTeX\tex/latex/amsmath\amstext.sty
Package: amstext 2021/08/26 v2.01 AMS text

(C:\Program Files\MiKTeX\tex/latex/amsmath\amsgen.sty
File: amsgen.sty 1999/11/30 v2.0 generic functions
\@emptytoks=\toks21
\ex@=\dimen165
))
(C:\Program Files\MiKTeX\tex/latex/amsmath\amsbsy.sty
Package: amsbsy 1999/11/29 v1.2d Bold Symbols
\pmbraise@=\dimen166
)
(C:\Program Files\MiKTeX\tex/latex/amsmath\amsopn.sty
Package: amsopn 2022/04/08 v2.04 operator names
)
\inf@bad=\count273
LaTeX Info: Redefining \frac on input line 234.
\uproot@=\count274
\leftroot@=\count275
LaTeX Info: Redefining \overline on input line 399.
LaTeX Info: Redefining \colon on input line 410.
\classnum@=\count276
\DOTSCASE@=\count277
LaTeX Info: Redefining \ldots on input line 496.
LaTeX Info: Redefining \dots on input line 499.
LaTeX Info: Redefining \cdots on input line 620.
\Mathstrutbox@=\box55
\strutbox@=\box56
LaTeX Info: Redefining \big on input line 722.
LaTeX Info: Redefining \Big on input line 723.
LaTeX Info: Redefining \bigg on input line 724.
LaTeX Info: Redefining \Bigg on input line 725.
\big@size=\dimen167
LaTeX Font Info:    Redeclaring font encoding OML on input line 743.
LaTeX Font Info:    Redeclaring font encoding OMS on input line 744.
\macc@depth=\count278
LaTeX Info: Redefining \bmod on input line 905.
LaTeX Info: Redefining \pmod on input line 910.
LaTeX Info: Redefining \smash on input line 940.
LaTeX Info: Redefining \relbar on input line 970.
LaTeX Info: Redefining \Relbar on input line 971.
\c@MaxMatrixCols=\count279
\dotsspace@=\muskip16
\c@parentequation=\count280
\dspbrk@lvl=\count281
\tag@help=\toks22
\row@=\count282
\column@=\count283
\maxfields@=\count284
\andhelp@=\toks23
\eqnshift@=\dimen168
\alignsep@=\dimen169
\tagshift@=\dimen170
\tagwidth@=\dimen171
\totwidth@=\dimen172
\lineht@=\dimen173
\@envbody=\toks24
\multlinegap=\skip75
\multlinetaggap=\skip76
\mathdisplay@stack=\toks25
LaTeX Info: Redefining \[ on input line 2953.
LaTeX Info: Redefining \] on input line 2954.
)
(C:\Program Files\MiKTeX\tex/latex/amscls\amsthm.sty
Package: amsthm 2020/05/29 v2.20.6
\thm@style=\toks26
\thm@bodyfont=\toks27
\thm@headfont=\toks28
\thm@notefont=\toks29
\thm@headpunct=\toks30
\thm@preskip=\skip77
\thm@postskip=\skip78
\thm@headsep=\skip79
\dth@everypar=\toks31
)
(C:\Program Files\MiKTeX\tex/latex/xpatch\xpatch.sty
(C:\Program Files\MiKTeX\tex/latex/l3kernel\expl3.sty
Package: expl3 2022-11-02 L3 programming layer (loader) 

(C:\Program Files\MiKTeX\tex/latex/l3backend\l3backend-pdftex.def
File: l3backend-pdftex.def 2022-10-26 L3 backend support: PDF output (pdfTeX)
\l__color_backend_stack_int=\count285
\l__pdf_internal_box=\box57
))
Package: xpatch 2020/03/25 v0.3a Extending etoolbox patching commands

(C:\Program Files\MiKTeX\tex/latex/l3packages/xparse\xparse.sty
Package: xparse 2022-06-22 L3 Experimental document command parser
))
Class scrreprt Info: amsthm's \deferred@thm@head patched.

(C:\Program Files\MiKTeX\tex/latex/amsfonts\amsfonts.sty
Package: amsfonts 2013/01/14 v3.01 Basic AMSFonts support
\symAMSa=\mathgroup4
\symAMSb=\mathgroup5
LaTeX Font Info:    Redeclaring math symbol \hbar on input line 98.
LaTeX Font Info:    Overwriting math alphabet `\mathfrak' in version `bold'
(Font)                  U/euf/m/n --> U/euf/b/n on input line 106.
)
(C:\Program Files\MiKTeX\tex/latex/amsfonts\amssymb.sty
Package: amssymb 2013/01/14 v3.01 AMS font symbols
)
(C:\Program Files\MiKTeX\tex/latex/base\exscale.sty
Package: exscale 2018/09/24 v2.1i Standard LaTeX package exscale
LaTeX Font Info:    Redeclaring symbol font `largesymbols' on input line 57.
LaTeX Font Info:    Overwriting symbol font `largesymbols' in version `normal'
(Font)                  OMX/cmex/m/n --> OMX/cmex/m/n on input line 57.
LaTeX Font Info:    Overwriting symbol font `largesymbols' in version `bold'
(Font)                  OMX/cmex/m/n --> OMX/cmex/m/n on input line 57.
\big@size=\dimen174
)
(C:\Program Files\MiKTeX\tex/latex/textpos\textpos.sty
Package: textpos 2022/07/23 v1.10.1
Package textpos Info: choosing support for LaTeX3 on input line 60.
\TP@textbox=\box58
\TP@holdbox=\box59
\TPHorizModule=\dimen175
\TPVertModule=\dimen176
\TP@margin=\dimen177
\TP@absmargin=\dimen178

Grid set 16 x 16 = 37.34424pt x 52.81543pt
\TPboxrulesize=\dimen179
\TP@ox=\dimen180
\TP@oy=\dimen181
\TP@tbargs=\toks32
TextBlockOrigin set to 0pt x 0pt
) (C:\Program Files\MiKTeX\tex/latex/graphics\color.sty
Package: color 2022/01/06 v1.3d Standard LaTeX Color (DPC)

(C:\Program Files\MiKTeX\tex/latex/graphics-cfg\color.cfg
File: color.cfg 2016/01/02 v1.6 sample color configuration
)
Package color Info: Driver file: pdftex.def on input line 149.

(C:\Program Files\MiKTeX\tex/latex/graphics\mathcolor.ltx))
(C:\Program Files\MiKTeX\tex/latex/hyperref\hyperref.sty
Package: hyperref 2022-11-13 v7.00u Hypertext links for LaTeX

(C:\Program Files\MiKTeX\tex/generic/ltxcmds\ltxcmds.sty
Package: ltxcmds 2020-05-10 v1.25 LaTeX kernel commands for general use (HO)
)
(C:\Program Files\MiKTeX\tex/generic/iftex\iftex.sty
Package: iftex 2022/02/03 v1.0f TeX engine tests
)
(C:\Program Files\MiKTeX\tex/generic/pdftexcmds\pdftexcmds.sty
Package: pdftexcmds 2020-06-27 v0.33 Utility functions of pdfTeX for LuaTeX (HO
)

(C:\Program Files\MiKTeX\tex/generic/infwarerr\infwarerr.sty
Package: infwarerr 2019/12/03 v1.5 Providing info/warning/error messages (HO)
)
Package pdftexcmds Info: \pdf@primitive is available.
Package pdftexcmds Info: \pdf@ifprimitive is available.
Package pdftexcmds Info: \pdfdraftmode found.
)
(C:\Program Files\MiKTeX\tex/latex/kvsetkeys\kvsetkeys.sty
Package: kvsetkeys 2022-10-05 v1.19 Key value parser (HO)
)
(C:\Program Files\MiKTeX\tex/generic/kvdefinekeys\kvdefinekeys.sty
Package: kvdefinekeys 2019-12-19 v1.6 Define keys (HO)
)
(C:\Program Files\MiKTeX\tex/generic/pdfescape\pdfescape.sty
Package: pdfescape 2019/12/09 v1.15 Implements pdfTeX's escape features (HO)
)
(C:\Program Files\MiKTeX\tex/latex/hycolor\hycolor.sty
Package: hycolor 2020-01-27 v1.10 Color options for hyperref/bookmark (HO)
)
(C:\Program Files\MiKTeX\tex/latex/letltxmacro\letltxmacro.sty
Package: letltxmacro 2019/12/03 v1.6 Let assignment for LaTeX macros (HO)
)
(C:\Program Files\MiKTeX\tex/latex/auxhook\auxhook.sty
Package: auxhook 2019-12-17 v1.6 Hooks for auxiliary files (HO)
)
(C:\Program Files\MiKTeX\tex/latex/hyperref\nameref.sty
Package: nameref 2022-05-17 v2.50 Cross-referencing by name of section

(C:\Program Files\MiKTeX\tex/latex/refcount\refcount.sty
Package: refcount 2019/12/15 v3.6 Data extraction from label references (HO)
)
(C:\Program Files\MiKTeX\tex/generic/gettitlestring\gettitlestring.sty
Package: gettitlestring 2019/12/15 v1.6 Cleanup title references (HO)

(C:\Program Files\MiKTeX\tex/latex/kvoptions\kvoptions.sty
Package: kvoptions 2022-06-15 v3.15 Key value format for package options (HO)
))
\c@section@level=\count286
)
\@linkdim=\dimen182
\Hy@linkcounter=\count287
\Hy@pagecounter=\count288

(C:\Program Files\MiKTeX\tex/latex/hyperref\pd1enc.def
File: pd1enc.def 2022-11-13 v7.00u Hyperref: PDFDocEncoding definition (HO)
Now handling font encoding PD1 ...
... no UTF-8 mapping file for font encoding PD1
)
(C:\Program Files\MiKTeX\tex/generic/intcalc\intcalc.sty
Package: intcalc 2019/12/15 v1.3 Expandable calculations with integers (HO)
)
(C:\Program Files\MiKTeX\tex/generic/etexcmds\etexcmds.sty
Package: etexcmds 2019/12/15 v1.7 Avoid name clashes with e-TeX commands (HO)
)
\Hy@SavedSpaceFactor=\count289

(C:\Program Files\MiKTeX\tex/latex/hyperref\puenc.def
File: puenc.def 2022-11-13 v7.00u Hyperref: PDF Unicode definition (HO)
Now handling font encoding PU ...
... no UTF-8 mapping file for font encoding PU
)
Package hyperref Info: Option `bookmarks' set `true' on input line 4045.
Package hyperref Info: Option `plainpages' set `false' on input line 4045.
Package hyperref Info: Option `pdfpagelabels' set `true' on input line 4045.
Package hyperref Info: Option `colorlinks' set `true' on input line 4045.
Package hyperref Info: Option `hypertexnames' set `true' on input line 4045.
Package hyperref Info: Option `bookmarksopen' set `true' on input line 4045.
Package hyperref Info: Hyper figures OFF on input line 4162.
Package hyperref Info: Link nesting OFF on input line 4167.
Package hyperref Info: Hyper index ON on input line 4170.
Package hyperref Info: Plain pages OFF on input line 4177.
Package hyperref Info: Backreferencing OFF on input line 4182.
Package hyperref Info: Implicit mode ON; LaTeX internals redefined.
Package hyperref Info: Bookmarks ON on input line 4410.
\c@Hy@tempcnt=\count290

(C:\Program Files\MiKTeX\tex/latex/url\url.sty
\Urlmuskip=\muskip17
Package: url 2013/09/16  ver 3.4  Verb mode for urls, etc.
)
LaTeX Info: Redefining \url on input line 4748.
\XeTeXLinkMargin=\dimen183

(C:\Program Files\MiKTeX\tex/generic/bitset\bitset.sty
Package: bitset 2019/12/09 v1.3 Handle bit-vector datatype (HO)

(C:\Program Files\MiKTeX\tex/generic/bigintcalc\bigintcalc.sty
Package: bigintcalc 2019/12/15 v1.5 Expandable calculations on big integers (HO
)
))
\Fld@menulength=\count291
\Field@Width=\dimen184
\Fld@charsize=\dimen185
Package hyperref Info: Hyper figures OFF on input line 6027.
Package hyperref Info: Link nesting OFF on input line 6032.
Package hyperref Info: Hyper index ON on input line 6035.
Package hyperref Info: backreferencing OFF on input line 6042.
Package hyperref Info: Link coloring ON on input line 6045.
Package hyperref Info: Link coloring with OCG OFF on input line 6052.
Package hyperref Info: PDF/A mode OFF on input line 6057.

(C:\Program Files\MiKTeX\tex/latex/base\atbegshi-ltx.sty
Package: atbegshi-ltx 2021/01/10 v1.0c Emulation of the original atbegshi
package with kernel methods
)
\Hy@abspage=\count292
\c@Item=\count293
\c@Hfootnote=\count294
)
Package hyperref Info: Driver: hpdftex.

(C:\Program Files\MiKTeX\tex/latex/hyperref\hpdftex.def
File: hpdftex.def 2022-11-13 v7.00u Hyperref driver for pdfTeX

(C:\Program Files\MiKTeX\tex/latex/base\atveryend-ltx.sty
Package: atveryend-ltx 2020/08/19 v1.0a Emulation of the original atveryend pac
kage
with kernel methods
)
\Fld@listcount=\count295
\c@bookmark@seq@number=\count296

(C:\Program Files\MiKTeX\tex/latex/rerunfilecheck\rerunfilecheck.sty
Package: rerunfilecheck 2022-07-10 v1.10 Rerun checks for auxiliary files (HO)

(C:\Program Files\MiKTeX\tex/generic/uniquecounter\uniquecounter.sty
Package: uniquecounter 2019/12/15 v1.4 Provide unlimited unique counter (HO)
)
Package uniquecounter Info: New unique counter `rerunfilecheck' on input line 2
85.
)
\Hy@SectionHShift=\skip80
)
(C:\Program Files\MiKTeX\tex/latex/geometry\geometry.sty
Package: geometry 2020/01/02 v5.9 Page Geometry

(C:\Program Files\MiKTeX\tex/generic/iftex\ifvtex.sty
Package: ifvtex 2019/10/25 v1.7 ifvtex legacy package. Use iftex instead.
)
\Gm@cnth=\count297
\Gm@cntv=\count298
\c@Gm@tempcnt=\count299
\Gm@bindingoffset=\dimen186
\Gm@wd@mp=\dimen187
\Gm@odd@mp=\dimen188
\Gm@even@mp=\dimen189
\Gm@layoutwidth=\dimen190
\Gm@layoutheight=\dimen191
\Gm@layouthoffset=\dimen192
\Gm@layoutvoffset=\dimen193
\Gm@dimlist=\toks33

(C:\Program Files\MiKTeX\tex/latex/geometry\geometry.cfg))
(C:\Program Files\MiKTeX\tex/latex/base\makeidx.sty
Package: makeidx 2021/10/04 v1.0m Standard LaTeX package
)
\@indexfile=\write3
\openout3 = `Documentation.idx'.


Writing index file Documentation.idx
(C:\Program Files\MiKTeX\tex/latex/glossaries/base\glossaries.sty
Package: glossaries 2022/11/03 v4.52 (NLCT)

(C:\Program Files\MiKTeX\tex/latex/xkeyval\xkeyval.sty
Package: xkeyval 2022/06/16 v2.9 package option processing (HA)

(C:\Program Files\MiKTeX\tex/generic/xkeyval\xkeyval.tex
(C:\Program Files\MiKTeX\tex/generic/xkeyval\xkvutils.tex
\XKV@toks=\toks34
\XKV@tempa@toks=\toks35
)
\XKV@depth=\count300
File: xkeyval.tex 2014/12/03 v2.7a key=value parser (HA)
))
(C:\Program Files\MiKTeX\tex/latex/mfirstuc\mfirstuc.sty
Package: mfirstuc 2022/10/14 v2.08 (NLCT)
\@glsmfirst=\toks36
\@glsmrest=\toks37
)
(C:\Program Files\MiKTeX\tex/latex/xfor\xfor.sty
Package: xfor 2009/02/05 v1.05 (NLCT)
)
(C:\Program Files\MiKTeX\tex/latex/datatool\datatool-base.sty
Package: datatool-base 2019/09/27 v2.32 (NLCT)

(C:\Program Files\MiKTeX\tex/latex/substr\substr.sty
Package: substr 2009/10/20 v1.2 Handle substrings
\c@su@anzahl=\count301
)
(C:\Program Files\MiKTeX\tex/latex/datatool\datatool-fp.sty
Package: datatool-fp 2019/09/27 v2.32 (NLCT)

(C:\Program Files\MiKTeX\tex/latex/fp\fp.sty
Package: fp 1995/04/02

`Fixed Point Package', Version 0.8, April 2, 1995 (C) Michael Mehlich
(C:\Program Files\MiKTeX\tex/latex/fp\defpattern.sty
Package: defpattern 1994/10/12
\actioncount=\count302
)
(C:\Program Files\MiKTeX\tex/latex/fp\fp-basic.sty
Package: fp-basic 1996/05/13
\FP@xs=\count303
\FP@xia=\count304
\FP@xib=\count305
\FP@xfa=\count306
\FP@xfb=\count307
\FP@rega=\count308
\FP@regb=\count309
\FP@regs=\count310
\FP@times=\count311
)
(C:\Program Files\MiKTeX\tex/latex/fp\fp-addons.sty
Package: fp-addons 1995/03/15
)
(C:\Program Files\MiKTeX\tex/latex/fp\fp-snap.sty
Package: fp-snap 1995/04/05
)
(C:\Program Files\MiKTeX\tex/latex/fp\fp-exp.sty
Package: fp-exp 1995/04/03
)
(C:\Program Files\MiKTeX\tex/latex/fp\fp-trigo.sty
Package: fp-trigo 1995/04/14
)
(C:\Program Files\MiKTeX\tex/latex/fp\fp-pas.sty
Package: fp-pas 1994/08/29
)
(C:\Program Files\MiKTeX\tex/latex/fp\fp-random.sty
Package: fp-random 1995/02/23
\FPseed=\count312
)
(C:\Program Files\MiKTeX\tex/latex/fp\fp-eqn.sty
Package: fp-eqn 1995/04/03
)
(C:\Program Files\MiKTeX\tex/latex/fp\fp-upn.sty
Package: fp-upn 1996/10/21
)
(C:\Program Files\MiKTeX\tex/latex/fp\fp-eval.sty
Package: fp-eval 1995/04/03
)))
\@dtl@toks=\toks38
\@dtl@tmpcount=\count313
\dtl@tmplength=\skip81
\dtl@sortresult=\count314
\@dtl@numgrpsepcount=\count315
\@dtl@datatype=\count316
\dtl@codeA=\count317
\dtl@codeB=\count318
\@dtl@foreach@level=\count319
)
(C:\Program Files\MiKTeX\tex/latex/tracklang\tracklang.sty
Package: tracklang 2022/12/13 v1.6.1 (NLCT) Track Languages

(C:\Program Files\MiKTeX\tex/generic/tracklang\tracklang.tex))
(C:\Program Files\MiKTeX\tex/latex/translator\translator.sty
Package: translator 2021-05-31 v1.12d Easy translation of strings in LaTeX
)
(C:\Program Files\MiKTeX\tex/latex/glossaries-english\glossaries-english.ldf
File: glossaries-english.ldf 2014/11/23 v1.0
)
(C:\Program Files\MiKTeX\tex/latex/glossaries-german\glossaries-german.ldf
File: glossaries-german.ldf 2014/11/23 v1.0
)
\gls@level=\count320
\@gls@tmpb=\toks39
\gls@tmplen=\skip82
\glskeylisttok=\toks40
\glslabeltok=\toks41
\glsshorttok=\toks42
\glslongtok=\toks43

(C:\Program Files\MiKTeX\tex/latex/glossaries/styles\glossary-hypernav.sty
Package: glossary-hypernav 2022/11/03 v4.52 (NLCT)
)
(C:\Program Files\MiKTeX\tex/latex/glossaries/styles\glossary-list.sty
Package: glossary-list 2022/11/03 v4.52 (NLCT)
\glslistdottedwidth=\skip83
)
(C:\Program Files\MiKTeX\tex/latex/glossaries/styles\glossary-long.sty
Package: glossary-long 2022/11/03 v4.52 (NLCT)

(C:\Program Files\MiKTeX\tex/latex/tools\longtable.sty
Package: longtable 2021-09-01 v4.17 Multi-page Table package (DPC)
\LTleft=\skip84
\LTright=\skip85
\LTpre=\skip86
\LTpost=\skip87
\LTchunksize=\count321
\LTcapwidth=\dimen194
\LT@head=\box60
\LT@firsthead=\box61
\LT@foot=\box62
\LT@lastfoot=\box63
\LT@gbox=\box64
\LT@cols=\count322
\LT@rows=\count323
\c@LT@tables=\count324
\c@LT@chunks=\count325
\LT@p@ftn=\toks44
)
Class scrreprt Info: longtable captions redefined on input line 47.
\glsdescwidth=\skip88
\glspagelistwidth=\skip89
)
(C:\Program Files\MiKTeX\tex/latex/glossaries/styles\glossary-super.sty
Package: glossary-super 2022/11/03 v4.52 (NLCT)

(C:\Program Files\MiKTeX\tex/latex/supertabular\supertabular.sty
Package: supertabular 2020/02/02 v4.1g the supertabular environment
\c@tracingst=\count326
\ST@wd=\dimen195
\ST@rightskip=\skip90
\ST@leftskip=\skip91
\ST@parfillskip=\skip92
\ST@pageleft=\dimen196
\ST@headht=\dimen197
\ST@tailht=\dimen198
\ST@pagesofar=\dimen199
\ST@pboxht=\dimen256
\ST@lineht=\dimen257
\ST@prevht=\dimen258
\ST@toadd=\dimen259
\ST@dimen=\dimen260
\ST@pbox=\box65
))
(C:\Program Files\MiKTeX\tex/latex/glossaries/styles\glossary-tree.sty
Package: glossary-tree 2022/11/03 v4.52 (NLCT)
\glstreeindent=\skip93
))
\glswrite=\write4
\glo@main@file=\write5
\openout5 = `Documentation.glo'.

Package glossaries Info: Writing glossary file Documentation.glo on input line 
120.


LaTeX Warning: \include should only be used after \begin{document} on input lin
e 121.

(database/glossary.tex)
(C:\Program Files\MiKTeX\tex/latex/pdfpages\pdfpages.sty
Package: pdfpages 2022/12/19 v0.5x Insert pages of external PDF documents (AM)

(C:\Program Files\MiKTeX\tex/latex/tools\calc.sty
Package: calc 2017/05/25 v4.3 Infix arithmetic (KKT,FJ)
\calc@Acount=\count327
\calc@Bcount=\count328
\calc@Adimen=\dimen261
\calc@Bdimen=\dimen262
\calc@Askip=\skip94
\calc@Bskip=\skip95
LaTeX Info: Redefining \setlength on input line 80.
LaTeX Info: Redefining \addtolength on input line 81.
\calc@Ccount=\count329
\calc@Cskip=\skip96
)
(C:\Program Files\MiKTeX\tex/latex/eso-pic\eso-pic.sty
Package: eso-pic 2023/05/03 v3.0c eso-pic (RN)
\ESO@tempdima=\dimen263
\ESO@tempdimb=\dimen264
)
\AM@pagewidth=\dimen265
\AM@pageheight=\dimen266
\AM@fboxrule=\dimen267

(C:\Program Files\MiKTeX\tex/latex/pdfpages\pppdftex.def
File: pppdftex.def 2022/12/19 v0.5x Pdfpages driver for pdfTeX (AM)
)
\pdfpages@includegraphics@status=\count330
\AM@pagebox=\box66
\AM@global@opts=\toks45
\AM@pagecnt=\count331
\AM@toc@title=\toks46
\AM@lof@heading=\toks47
\c@AM@survey=\count332
\AM@templatesizebox=\box67
)
LaTeX Font Info:    Trying to load font information for T1+aess on input line 1
28.

(C:\Program Files\MiKTeX\tex/latex/ae\t1aess.fd
File: t1aess.fd 1997/11/16 Font definitions for T1/aess.
) (Documentation.aux
(leader/frontpage_with_picture.aux) (leader/versions.aux)
(leader/management_summary.aux) (chapters/introduction.aux)
(chapters/projectevolution.aux) (chapters/behaviourtrees.aux)
(chapters/utilityai.aux

LaTeX Warning: Label `subsec:utilityai_howitworks_generalprinciple' multiply de
fined.

) (chapters/comparisontoothersolutions.aux) (chapters/utilitydesigner.aux)
(chapters/performance.aux) (chapters/nextsteps.aux) (chapters/conclusions.aux)
(leader/declaration_authorship.aux) (appendix/requirementspecification.aux)
(appendix/appendixgit.aux) (appendix/appendixstories.aux

LaTeX Warning: Label `chap:appendix_stories' multiply defined.

) (appendix/appendixtimetable.aux) (appendix/appendixutilitydesignermanual.aux)
)
\openout1 = `Documentation.aux'.

LaTeX Font Info:    Checking defaults for OML/cmm/m/it on input line 128.
LaTeX Font Info:    ... okay on input line 128.
LaTeX Font Info:    Checking defaults for OMS/cmsy/m/n on input line 128.
LaTeX Font Info:    ... okay on input line 128.
LaTeX Font Info:    Checking defaults for OT1/cmr/m/n on input line 128.
LaTeX Font Info:    ... okay on input line 128.
LaTeX Font Info:    Checking defaults for T1/cmr/m/n on input line 128.
LaTeX Font Info:    ... okay on input line 128.
LaTeX Font Info:    Checking defaults for TS1/cmr/m/n on input line 128.
LaTeX Font Info:    ... okay on input line 128.
LaTeX Font Info:    Checking defaults for OMX/cmex/m/n on input line 128.
LaTeX Font Info:    ... okay on input line 128.
LaTeX Font Info:    Checking defaults for U/cmr/m/n on input line 128.
LaTeX Font Info:    ... okay on input line 128.
LaTeX Font Info:    Checking defaults for PD1/pdf/m/n on input line 128.
LaTeX Font Info:    ... okay on input line 128.
LaTeX Font Info:    Checking defaults for PU/pdf/m/n on input line 128.
LaTeX Font Info:    ... okay on input line 128.
Package scrbase Info: activating english \abstractname on input line 128.
Package scrbase Info: activating english \partname on input line 128.
Package scrbase Info: activating english \chaptername on input line 128.
Package scrbase Info: activating english \appendixname on input line 128.
Package scrbase Info: activating english \figurename on input line 128.
Package scrbase Info: activating english \tablename on input line 128.
Package scrbase Info: activating english \contentsname on input line 128.
Package scrbase Info: activating english \listfigurename on input line 128.
Package scrbase Info: activating english \listtablename on input line 128.
Package scrbase Info: activating english \bibname on input line 128.
Package scrbase Info: activating english \indexname on input line 128.
 (C:\Program Files\MiKTeX\tex/context/base/mkii\supp-pdf.mkii
[Loading MPS to PDF converter (version 2006.09.02).]
\scratchcounter=\count333
\scratchdimen=\dimen268
\scratchbox=\box68
\nofMPsegments=\count334
\nofMParguments=\count335
\everyMPshowfont=\toks48
\MPscratchCnt=\count336
\MPscratchDim=\dimen269
\MPnumerator=\count337
\makeMPintoPDFobject=\count338
\everyMPtoPDFconversion=\toks49
) (C:\Program Files\MiKTeX\tex/latex/epstopdf-pkg\epstopdf-base.sty
Package: epstopdf-base 2020-01-24 v2.11 Base part for package epstopdf
Package epstopdf-base Info: Redefining graphics rule for `.eps' on input line 4
85.

(C:\Program Files\MiKTeX\tex/latex/00miktex\epstopdf-sys.cfg
File: epstopdf-sys.cfg 2021/03/18 v2.0 Configuration of epstopdf for MiKTeX
))
Package caption Info: Begin \AtBeginDocument code.
Package caption Info: hyperref package is loaded.
Package caption Info: longtable package is loaded.

(C:\Program Files\MiKTeX\tex/latex/caption\ltcaption.sty
Package: ltcaption 2021/01/08 v1.4c longtable captions (AR)
)
Package caption Info: supertabular package is loaded.
Package caption Info: End \AtBeginDocument code.
Package hyperref Info: Link coloring ON on input line 128.
 (Documentation.out)
(Documentation.out)
\@outlinefile=\write6
\openout6 = `Documentation.out'.

Class scrreprt Info: loading recommended package `bookmark'.
(scrreprt)           Using `bookmark' together with `hyperref' is recommended,
(scrreprt)           because of handling of possible bookmark level gaps.
(scrreprt)           You can avoid loading `bookmark' with KOMA-Script option
(scrreprt)           `bookmarkpackage=false' before \begin{document} and
(scrreprt)           you can avoid this message adding:
(scrreprt)             \usepackage{bookmark}
(scrreprt)           before \begin{document} on input line 128.
 (C:\Program Files\MiKTeX\tex/latex/bookmark\bookmark.sty
Package: bookmark 2020-11-06 v1.29 PDF bookmarks (HO)

(C:\Program Files\MiKTeX\tex/latex/bookmark\bkm-pdftex.def
File: bkm-pdftex.def 2020-11-06 v1.29 bookmark driver for pdfTeX (HO)
\BKM@id=\count339
))
*geometry* driver: auto-detecting
*geometry* detected driver: pdftex
*geometry* verbose mode - [ preamble ] result:
* driver: pdftex
* paper: a4paper
* layout: <same size as paper>
* layoutoffset:(h,v)=(0.0pt,0.0pt)
* modes: twoside 
* h-part:(L,W,R)=(93.89409pt, 446.70828pt, 56.9055pt)
* v-part:(T,H,B)=(85.35826pt, 688.55669pt, 71.1319pt)
* \paperwidth=597.50787pt
* \paperheight=845.04684pt
* \textwidth=446.70828pt
* \textheight=688.55669pt
* \oddsidemargin=21.6241pt
* \evensidemargin=-15.36449pt
* \topmargin=-72.26997pt
* \headheight=56.9055pt
* \headsep=28.45274pt
* \topskip=11.0pt
* \footskip=42.67912pt
* \marginparwidth=89.62619pt
* \marginparsep=12.8401pt
* \columnsep=10.0pt
* \skip\footins=10.0pt plus 4.0pt minus 2.0pt
* \hoffset=0.0pt
* \voffset=0.0pt
* \mag=1000
* \@twocolumnfalse
* \@twosidetrue
* \@mparswitchtrue
* \@reversemarginfalse
* (1in=72.27pt=25.4mm, 1cm=28.453pt)

(C:\Program Files\MiKTeX\tex/latex/pdflscape\pdflscape.sty
Package: pdflscape 2022-10-27 v0.13 Display of landscape pages in PDF

(C:\Program Files\MiKTeX\tex/latex/pdflscape\pdflscape-nometadata.sty
Package: pdflscape-nometadata 2022-10-28 v0.13 Display of landscape pages in PD
F (HO)

(C:\Program Files\MiKTeX\tex/latex/graphics\lscape.sty
Package: lscape 2020/05/28 v3.02 Landscape Pages (DPC)
)
Package pdflscape Info: Auto-detected driver: pdftex on input line 81.
)) (leader/title.tex)
(leader/version.tex)
\openout2 = `leader/frontpage_with_picture.aux'.

 (leader/frontpage_with_picture.tex
<images/BFH_Logo_B.png, id=3, 35.4123pt x 53.9616pt>
File: images/BFH_Logo_B.png Graphic file (type png)
<use images/BFH_Logo_B.png>
Package pdftex.def Info: images/BFH_Logo_B.png  used on input line 16.
(pdftex.def)             Requested size: 35.41219pt x 53.96146pt.
<images/title_image.png, id=5, 998.9822pt x 665.48625pt>
File: images/title_image.png Graphic file (type png)
<use images/title_image.png>
Package pdftex.def Info: images/title_image.png  used on input line 26.
(pdftex.def)             Requested size: 389.60149pt x 259.53859pt.
LaTeX Font Info:    Font shape `T1/aess/b/n' in size <10> not available
(Font)              Font shape `T1/aess/bx/n' tried instead on input line 51.
 [1{C:/Users/et14k/AppData/Local/MiKTeX/fonts/map/pdftex/pdftex.map}

\openout4 = `Documentation.ist'.




 <./images/BFH_Logo_B.png> <./images/title_image.png>])
\openout2 = `leader/versions.aux'.

 (leader/versions.tex) [2







]
\openout2 = `leader/management_summary.aux'.

 (leader/management_summary.tex
LaTeX Font Info:    Font shape `T1/aess/b/n' in size <10.95> not available
(Font)              Font shape `T1/aess/bx/n' tried instead on input line 1.
LaTeX Font Info:    Font shape `T1/aess/b/n' in size <20.74> not available
(Font)              Font shape `T1/aess/bx/n' tried instead on input line 1.
)
pdfTeX warning (ext4): destination with the same identifier (name{page.i}) has 
been already used, duplicate ignored
<to be read again> 
                   \relax 
l.167 \include{leader/management_summary}
                                          [1





]
pdfTeX warning (ext4): destination with the same identifier (name{page.ii}) has
 been already used, duplicate ignored
<to be read again> 
                   \relax 
l.168 \cleardoubleemptypage
                            [2




] (Documentation.toc
LaTeX Font Info:    Trying to load font information for OML+cmbrm on input line
 7.

(C:\Program Files\MiKTeX\tex/latex/cmbright\omlcmbrm.fd
File: omlcmbrm.fd 2005/04/13 v8.1 (WaS)
)
LaTeX Font Info:    Trying to load font information for OMS+cmbrs on input line
 7.

(C:\Program Files\MiKTeX\tex/latex/cmbright\omscmbrs.fd
File: omscmbrs.fd 2005/04/13 v8.1 (WaS)
)
LaTeX Font Info:    External font `cmex7' loaded for size
(Font)              <6> on input line 7.
 [3


])
\tf@toc=\write7
\openout7 = `Documentation.toc'.

 [4]
\openout2 = `chapters/introduction.aux'.


(chapters/introduction.tex
chapter 1.

Class scrreprt Warning: \float@addtolists detected!
(scrreprt)              Implementation of \float@addtolist became
(scrreprt)              deprecated in KOMA-Script v3.01 2008/11/14 and
(scrreprt)              has been replaced by several more flexible
(scrreprt)              features of package `tocbasic`.
(scrreprt)              Since Version 3.12 support for deprecated
(scrreprt)              \float@addtolist interface has been
(scrreprt)              restricted to only some of the KOMA-Script
(scrreprt)              features and been removed from others.
(scrreprt)              Loading of package `scrhack' may help to
(scrreprt)              avoid this warning, if you are using a
(scrreprt)              a package that still implements the
(scrreprt)              deprecated \float@addtolist interface.

) [1





] [2]
\openout2 = `chapters/projectevolution.aux'.

 (chapters/projectevolution.tex
chapter 2.
LaTeX Font Info:    Font shape `T1/aess/b/n' in size <14.4> not available
(Font)              Font shape `T1/aess/bx/n' tried instead on input line 3.
<images/bot_controller_idea.png, id=162, 1320.935pt x 2152.04pt>
File: images/bot_controller_idea.png Graphic file (type png)
<use images/bot_controller_idea.png>
Package pdftex.def Info: images/bot_controller_idea.png  used on input line 10.

(pdftex.def)             Requested size: 270.79343pt x 441.17107pt.
[3





 <./images/bot_controller_idea.png>]
<images/bot_controller_gui.png, id=171, 561.59813pt x 270.25969pt>
File: images/bot_controller_gui.png Graphic file (type png)
<use images/bot_controller_gui.png>
Package pdftex.def Info: images/bot_controller_gui.png  used on input line 19.
(pdftex.def)             Requested size: 336.96147pt x 162.15706pt.
<images/bot_contoller_features_1.png, id=172, 377.91188pt x 551.05875pt>
File: images/bot_contoller_features_1.png Graphic file (type png)
<use images/bot_contoller_features_1.png>
Package pdftex.def Info: images/bot_contoller_features_1.png  used on input lin
e 30.
(pdftex.def)             Requested size: 207.85217pt x 303.08324pt.

Overfull \hbox (6.83482pt too wide) in paragraph at lines 30--31
 [][] 
 []

<images/bot_contoller_features_2.png, id=173, 411.03563pt x 571.38469pt>
File: images/bot_contoller_features_2.png Graphic file (type png)
<use images/bot_contoller_features_2.png>
Package pdftex.def Info: images/bot_contoller_features_2.png  used on input lin
e 37.
(pdftex.def)             Requested size: 226.07028pt x 314.26254pt.

Overfull \hbox (25.05293pt too wide) in paragraph at lines 37--38
 [][] 
 []

[4 <./images/bot_controller_gui.png>] [5 <./images/bot_contoller_features_1.png
> <./images/bot_contoller_features_2.png>]
<images/sequence_graph_tour_guide.png, id=188, 1310.64656pt x 332.74312pt>
File: images/sequence_graph_tour_guide.png Graphic file (type png)
<use images/sequence_graph_tour_guide.png>
Package pdftex.def Info: images/sequence_graph_tour_guide.png  used on input li
ne 67.
(pdftex.def)             Requested size: 445.61394pt x 113.13115pt.
 [6 <./images/sequence_graph_tour_guide.png>]
<images/sequence_graph_agent.png, id=196, 755.07094pt x 444.91219pt>
File: images/sequence_graph_agent.png Graphic file (type png)
<use images/sequence_graph_agent.png>
Package pdftex.def Info: images/sequence_graph_agent.png  used on input line 86
.
(pdftex.def)             Requested size: 339.77878pt x 200.20862pt.
) [7 <./images/sequence_graph_agent.png>]
\openout2 = `chapters/behaviourtrees.aux'.

 (chapters/behaviourtrees.tex
[8





]
chapter 3.
<images/behvaiour_tree_example_door.png, id=210, 526.96875pt x 255.95625pt>
File: images/behvaiour_tree_example_door.png Graphic file (type png)
<use images/behvaiour_tree_example_door.png>
Package pdftex.def Info: images/behvaiour_tree_example_door.png  used on input 
line 21.
(pdftex.def)             Requested size: 263.48372pt x 127.9778pt.
[9 <./images/behvaiour_tree_example_door.png>]
LaTeX Font Info:    Font shape `T1/aess/b/n' in size <12> not available
(Font)              Font shape `T1/aess/bx/n' tried instead on input line 41.
<images/behaviour_tree_scene_agent.png, id=220, 747.54282pt x 581.17125pt>
File: images/behaviour_tree_scene_agent.png Graphic file (type png)
<use images/behaviour_tree_scene_agent.png>
Package pdftex.def Info: images/behaviour_tree_scene_agent.png  used on input l
ine 48.
(pdftex.def)             Requested size: 224.26457pt x 174.35272pt.

Overfull \hbox (5.37506pt too wide) in paragraph at lines 48--49
 [][] 
 []

<images/behaviour_tree_agent.png, id=221, 343.2825pt x 357.58594pt>
File: images/behaviour_tree_agent.png Graphic file (type png)
<use images/behaviour_tree_agent.png>
Package pdftex.def Info: images/behaviour_tree_agent.png  used on input line 54
.
(pdftex.def)             Requested size: 168.20988pt x 175.21863pt.
<images/behaviour_tree_scene_tour_guide.png, id=222, 624.08156pt x 529.98pt>
File: images/behaviour_tree_scene_tour_guide.png Graphic file (type png)
<use images/behaviour_tree_scene_tour_guide.png>
Package pdftex.def Info: images/behaviour_tree_scene_tour_guide.png  used on in
put line 70.
(pdftex.def)             Requested size: 218.43181pt x 185.49577pt.
[10 <./images/behaviour_tree_scene_agent.png> <./images/behaviour_tree_agent.pn
g>]
<images/behaviour_tree_tour_guide.png, id=231, 1356.56813pt x 584.1825pt>
File: images/behaviour_tree_tour_guide.png Graphic file (type png)
<use images/behaviour_tree_tour_guide.png>
Package pdftex.def Info: images/behaviour_tree_tour_guide.png  used on input li
ne 79.
(pdftex.def)             Requested size: 444.95723pt x 191.6131pt.
 [11 <./images/behaviour_tree_scene_tour_guide.png> <./images/behaviour_tree_to
ur_guide.png>]) [12]
\openout2 = `chapters/utilityai.aux'.

 (chapters/utilityai.tex
chapter 4.
<images/utility_ai_sketch_defending_ai.png, id=246, 1525.95094pt x 941.76843pt>

File: images/utility_ai_sketch_defending_ai.png Graphic file (type png)
<use images/utility_ai_sketch_defending_ai.png>
Package pdftex.def Info: images/utility_ai_sketch_defending_ai.png  used on inp
ut line 35.
(pdftex.def)             Requested size: 442.51445pt x 273.10585pt.
[13





] [14 <./images/utility_ai_sketch_defending_ai.png>]
LaTeX Font Info:    Font shape `T1/aess/m/it' in size <10.95> not available
(Font)              Font shape `T1/aess/m/sl' tried instead on input line 77.
<images/utility_ai_sketch_defending_ai_with_values.png, id=264, 1825.57031pt x 
984.67876pt>
File: images/utility_ai_sketch_defending_ai_with_values.png Graphic file (type 
png)
<use images/utility_ai_sketch_defending_ai_with_values.png>
Package pdftex.def Info: images/utility_ai_sketch_defending_ai_with_values.png 
 used on input line 88.
(pdftex.def)             Requested size: 629.82245pt x 339.71454pt.
 [15] [16 <./images/utility_ai_sketch_defending_ai_with_values.png>]
Overfull \hbox (25.6502pt too wide) in paragraph at lines 114--119
[][] 
 []

[17]
<images/utility_ai_scriptableobject_action.png, id=292, 529.22719pt x 328.97906
pt>
File: images/utility_ai_scriptableobject_action.png Graphic file (type png)
<use images/utility_ai_scriptableobject_action.png>
Package pdftex.def Info: images/utility_ai_scriptableobject_action.png  used on
 input line 129.
(pdftex.def)             Requested size: 264.61295pt x 164.48912pt.
 [18 <./images/utility_ai_scriptableobject_action.png>]
<images/utility_ai_scene_daily_routine.png, id=300, 1145.02782pt x 643.6547pt>
File: images/utility_ai_scene_daily_routine.png Graphic file (type png)
<use images/utility_ai_scene_daily_routine.png>
Package pdftex.def Info: images/utility_ai_scene_daily_routine.png  used on inp
ut line 149.
(pdftex.def)             Requested size: 343.511pt x 193.0979pt.
<images/utility_ai_daily_routine.png, id=301, 165.61874pt x 253.69781pt>
File: images/utility_ai_daily_routine.png Graphic file (type png)
<use images/utility_ai_daily_routine.png>
Package pdftex.def Info: images/utility_ai_daily_routine.png  used on input lin
e 158.
(pdftex.def)             Requested size: 99.37201pt x 152.21985pt.
 [19 <./images/utility_ai_scene_daily_routine.png> <./images/utility_ai_daily_r
outine.png>]
Overfull \hbox (9.7507pt too wide) in paragraph at lines 172--179
[][] 
 []

<images/utility_ai_scene_single_spaceship.png, id=312, 1577.895pt x 989.94844pt
>
File: images/utility_ai_scene_single_spaceship.png Graphic file (type png)
<use images/utility_ai_scene_single_spaceship.png>
Package pdftex.def Info: images/utility_ai_scene_single_spaceship.png  used on 
input line 189.
(pdftex.def)             Requested size: 331.36774pt x 207.89531pt.
[20 <./images/utility_ai_scene_single_spaceship.png>]
<images/utility_ai_spaceship.png, id=320, 222.8325pt x 350.05782pt>
File: images/utility_ai_spaceship.png Graphic file (type png)
<use images/utility_ai_spaceship.png>
Package pdftex.def Info: images/utility_ai_spaceship.png  used on input line 20
4.
(pdftex.def)             Requested size: 133.70053pt x 210.0363pt.
<images/utility_ai_scene_both_spaceship.png, id=321, 1672.74937pt x 931.22906pt
>
File: images/utility_ai_scene_both_spaceship.png Graphic file (type png)
<use images/utility_ai_scene_both_spaceship.png>
Package pdftex.def Info: images/utility_ai_scene_both_spaceship.png  used on in
put line 215.
(pdftex.def)             Requested size: 443.27647pt x 246.77452pt.
 [21 <./images/utility_ai_spaceship.png>] [22 <./images/utility_ai_scene_both_s
paceship.png>]) [23]
\openout2 = `chapters/comparisontoothersolutions.aux'.


(chapters/comparisontoothersolutions.tex [24





]
chapter 5.

Overfull \hbox (53.99873pt too wide) in paragraph at lines 19--23
[][] 
 []

[25] [26]
<images/comparison_of_ai_solutions.png, id=360, 2344.25812pt x 554.82281pt>
File: images/comparison_of_ai_solutions.png Graphic file (type png)
<use images/comparison_of_ai_solutions.png>
Package pdftex.def Info: images/comparison_of_ai_solutions.png  used on input l
ine 55.
(pdftex.def)             Requested size: 445.41368pt x 105.41742pt.
) [27 <./images/comparison_of_ai_solutions.png>]
\openout2 = `chapters/utilitydesigner.aux'.


(chapters/utilitydesigner.tex [28





]
chapter 6.
[29] [30] [31]
Overfull \hbox (1.33064pt too wide) in paragraph at lines 85--89
[][] 
 []

[32]
Overfull \hbox (1.00256pt too wide) in paragraph at lines 97--103
[][] 
 []

<images/utility_designer_state_machine.png, id=415, 978.65625pt x 467.49657pt>
File: images/utility_designer_state_machine.png Graphic file (type png)
<use images/utility_designer_state_machine.png>
Package pdftex.def Info: images/utility_designer_state_machine.png  used on inp
ut line 106.
(pdftex.def)             Requested size: 371.89323pt x 177.65053pt.
[33 <./images/utility_designer_state_machine.png>]
LaTeX Font Info:    External font `cmex7' loaded for size
(Font)              <5> on input line 118.
LaTeX Font Info:    Trying to load font information for T1+aett on input line 1
18.

(C:\Program Files\MiKTeX\tex/latex/ae\t1aett.fd
File: t1aett.fd 1997/11/16 Font definitions for T1/aett.
)
<images/utility_designer_daily_routine.png, id=435, 1422.81563pt x 944.7797pt>
File: images/utility_designer_daily_routine.png Graphic file (type png)
<use images/utility_designer_daily_routine.png>
Package pdftex.def Info: images/utility_designer_daily_routine.png  used on inp
ut line 133.
(pdftex.def)             Requested size: 284.55809pt x 188.95259pt.
 [34 <./images/utility_designer_daily_routine.png>]
<images/utility_designer_daily_routine_evaluation.png, id=451, 1102.1175pt x 53
0.73282pt>
File: images/utility_designer_daily_routine_evaluation.png Graphic file (type p
ng)
<use images/utility_designer_daily_routine_evaluation.png>
Package pdftex.def Info: images/utility_designer_daily_routine_evaluation.png  
used on input line 144.
(pdftex.def)             Requested size: 418.809pt x 201.68056pt.
<images/utility_designer_daily_routine_execution.png, id=453, 1102.1175pt x 530
.73282pt>
File: images/utility_designer_daily_routine_execution.png Graphic file (type pn
g)
<use images/utility_designer_daily_routine_execution.png>
Package pdftex.def Info: images/utility_designer_daily_routine_execution.png  u
sed on input line 153.
(pdftex.def)             Requested size: 418.809pt x 201.68056pt.
 [35 <./images/utility_designer_daily_routine_evaluation.png> <./images/utility
_designer_daily_routine_execution.png>]
<images/utility_designer_survival.png, id=462, 1663.71562pt x 932.73468pt>
File: images/utility_designer_survival.png Graphic file (type png)
<use images/utility_designer_survival.png>
Package pdftex.def Info: images/utility_designer_survival.png  used on input li
ne 183.
(pdftex.def)             Requested size: 415.92789pt x 233.18309pt.
<images/utility_designer_survival_evaluation.png, id=463, 1102.1175pt x 530.732
82pt>
File: images/utility_designer_survival_evaluation.png Graphic file (type png)
<use images/utility_designer_survival_evaluation.png>
Package pdftex.def Info: images/utility_designer_survival_evaluation.png  used 
on input line 190.
(pdftex.def)             Requested size: 418.809pt x 201.68056pt.
 [36 <./images/utility_designer_survival.png>]
<images/utility_designer_survival_execution.png, id=472, 1102.1175pt x 530.7328
2pt>
File: images/utility_designer_survival_execution.png Graphic file (type png)
<use images/utility_designer_survival_execution.png>
Package pdftex.def Info: images/utility_designer_survival_execution.png  used o
n input line 199.
(pdftex.def)             Requested size: 418.809pt x 201.68056pt.
) [37 <./images/utility_designer_survival_evaluation.png> <./images/utility_des
igner_survival_execution.png>] [38]
\openout2 = `chapters/performance.aux'.


(chapters/performance.tex
chapter 7.
[39





]
<images/utility_designer_profiling_1.png, id=492, 1473.25406pt x 585.68813pt>
File: images/utility_designer_profiling_1.png Graphic file (type png)
<use images/utility_designer_profiling_1.png>
Package pdftex.def Info: images/utility_designer_profiling_1.png  used on input
 line 35.
(pdftex.def)             Requested size: 444.92451pt x 176.87851pt.
<images/utility_designer_profiling_2.png, id=493, 1478.52374pt x 585.68813pt>
File: images/utility_designer_profiling_2.png Graphic file (type png)
<use images/utility_designer_profiling_2.png>
Package pdftex.def Info: images/utility_designer_profiling_2.png  used on input
 line 44.
(pdftex.def)             Requested size: 446.51596pt x 176.87851pt.
 [40 <./images/utility_designer_profiling_1.png>]) [41 <./images/utility_design
er_profiling_2.png>]
\openout2 = `chapters/nextsteps.aux'.

 (chapters/nextsteps.tex [42





]
chapter 8.
[43]
<images/asset_store_page_1.png, id=526, 938.00438pt x 961.34157pt>
File: images/asset_store_page_1.png Graphic file (type png)
<use images/asset_store_page_1.png>
Package pdftex.def Info: images/asset_store_page_1.png  used on input line 39.
(pdftex.def)             Requested size: 243.87538pt x 249.94292pt.

Overfull \hbox (24.98587pt too wide) in paragraph at lines 39--40
 [][] 
 []

<images/asset_store_page_2.png, id=527, 625.58719pt x 846.91406pt>
File: images/asset_store_page_2.png Graphic file (type png)
<use images/asset_store_page_2.png>
Package pdftex.def Info: images/asset_store_page_2.png  used on input line 45.
(pdftex.def)             Requested size: 162.64883pt x 220.19246pt.
[44 <./images/asset_store_page_1.png> <./images/asset_store_page_2.png>])
[45]
\openout2 = `chapters/conclusions.aux'.

 (chapters/conclusions.tex [46





]
chapter 9.

Overfull \hbox (21.43437pt too wide) in paragraph at lines 6--13
[][] 
 []

[47]) [48]
\openout2 = `leader/declaration_authorship.aux'.

 (leader/declaration_authorship.tex) [49







] [50




] (Documentation.bbl
Underfull \hbox (badness 2285) in paragraph at lines 39--43
[]\T1/aess/m/n/10.95 B. Owens, ``Goal Ori-ented Ac-tion Plan-ning for a Smarter

 []

) [51


] [52


] (Documentation.lof)
\tf@lof=\write8
\openout8 = `Documentation.lof'.

 [53


] [54


] (Documentation.ind)
\openout2 = `appendix/requirementspecification.aux'.


(appendix/requirementspecification.tex
chapter A.


pdfTeX warning: pdflatex (file ./database/requirement_specification.pdf): PDF i
nclusion: found PDF version <1.7>, but at most version <1.5> allowed
<database/requirement_specification.pdf, id=645, 597.55246pt x 845.07718pt>
File: database/requirement_specification.pdf Graphic file (type pdf)
<use database/requirement_specification.pdf>
Package pdftex.def Info: database/requirement_specification.pdf  used on input 
line 9.
(pdftex.def)             Requested size: 597.551pt x 845.07512pt.


pdfTeX warning: pdflatex (file ./database/requirement_specification.pdf): PDF i
nclusion: found PDF version <1.7>, but at most version <1.5> allowed
File: database/requirement_specification.pdf Graphic file (type pdf)
<use database/requirement_specification.pdf>
Package pdftex.def Info: database/requirement_specification.pdf  used on input 
line 9.
(pdftex.def)             Requested size: 597.551pt x 845.07512pt.


pdfTeX warning: pdflatex (file ./database/requirement_specification.pdf): PDF i
nclusion: found PDF version <1.7>, but at most version <1.5> allowed


pdfTeX warning: pdflatex (file ./database/requirement_specification.pdf): PDF i
nclusion: found PDF version <1.7>, but at most version <1.5> allowed
<database/requirement_specification.pdf, id=648, page=1, 597.55246pt x 845.0771
8pt>
File: database/requirement_specification.pdf Graphic file (type pdf)
<use database/requirement_specification.pdf, page 1>
Package pdftex.def Info: database/requirement_specification.pdf , page1 used on
 input line 9.
(pdftex.def)             Requested size: 597.551pt x 845.07512pt.
File: database/requirement_specification.pdf Graphic file (type pdf)
<use database/requirement_specification.pdf, page 1>
Package pdftex.def Info: database/requirement_specification.pdf , page1 used on
 input line 9.
(pdftex.def)             Requested size: 537.79224pt x 760.56244pt.
[55



]
File: database/requirement_specification.pdf Graphic file (type pdf)
<use database/requirement_specification.pdf, page 1>
Package pdftex.def Info: database/requirement_specification.pdf , page1 used on
 input line 9.
(pdftex.def)             Requested size: 537.79224pt x 760.56244pt.
File: database/requirement_specification.pdf Graphic file (type pdf)
<use database/requirement_specification.pdf, page 1>
Package pdftex.def Info: database/requirement_specification.pdf , page1 used on
 input line 9.
(pdftex.def)             Requested size: 537.79224pt x 760.56244pt.
File: database/requirement_specification.pdf Graphic file (type pdf)
<use database/requirement_specification.pdf, page 1>
Package pdftex.def Info: database/requirement_specification.pdf , page1 used on
 input line 9.
(pdftex.def)             Requested size: 537.79224pt x 760.56244pt.
 [56 <./database/requirement_specification.pdf>])
\openout2 = `appendix/appendixgit.aux'.

 (appendix/appendixgit.tex
chapter B.
) [57





]
\openout2 = `appendix/appendixstories.aux'.

 (appendix/appendixstories.tex [58





]
chapter C.
LaTeX Font Info:    Trying to load font information for TS1+aess on input line 
9.
LaTeX Font Info:    No file TS1aess.fd. on input line 9.

LaTeX Font Warning: Font shape `TS1/aess/m/n' undefined
(Font)              using `TS1/cmr/m/n' instead
(Font)              for symbol `textbullet' on input line 9.

[59]) [60]
\openout2 = `appendix/appendixtimetable.aux'.

 (appendix/appendixtimetable.tex
chapter D.
[61





]
<images/timetable.png, id=702, 2476.0003pt x 775.39688pt>
File: images/timetable.png Graphic file (type png)
<use images/timetable.png>
Package pdftex.def Info: images/timetable.png  used on input line 7.
(pdftex.def)             Requested size: 693.27538pt x 217.10965pt.
)
Overfull \vbox (28.31868pt too high) has occurred while \output is active []


[62 <./images/timetable.png>]
\openout2 = `appendix/appendixutilitydesignermanual.aux'.

 (appendix/appendixutilitydesignermanual.tex
chapter E.


pdfTeX warning: pdflatex (file ./database/utility_designer_manual.pdf): PDF inc
lusion: found PDF version <1.7>, but at most version <1.5> allowed
<database/utility_designer_manual.pdf, id=708, 614.295pt x 794.97pt>
File: database/utility_designer_manual.pdf Graphic file (type pdf)
<use database/utility_designer_manual.pdf>
Package pdftex.def Info: database/utility_designer_manual.pdf  used on input li
ne 4.
(pdftex.def)             Requested size: 614.29349pt x 794.96806pt.


pdfTeX warning: pdflatex (file ./database/utility_designer_manual.pdf): PDF inc
lusion: found PDF version <1.7>, but at most version <1.5> allowed
File: database/utility_designer_manual.pdf Graphic file (type pdf)
<use database/utility_designer_manual.pdf>
Package pdftex.def Info: database/utility_designer_manual.pdf  used on input li
ne 4.
(pdftex.def)             Requested size: 614.29349pt x 794.96806pt.


pdfTeX warning: pdflatex (file ./database/utility_designer_manual.pdf): PDF inc
lusion: found PDF version <1.7>, but at most version <1.5> allowed


pdfTeX warning: pdflatex (file ./database/utility_designer_manual.pdf): PDF inc
lusion: found PDF version <1.7>, but at most version <1.5> allowed
<database/utility_designer_manual.pdf, id=711, page=1, 614.295pt x 794.97pt>
File: database/utility_designer_manual.pdf Graphic file (type pdf)
<use database/utility_designer_manual.pdf, page 1>
Package pdftex.def Info: database/utility_designer_manual.pdf , page1 used on i
nput line 4.
(pdftex.def)             Requested size: 614.29349pt x 794.96806pt.
File: database/utility_designer_manual.pdf Graphic file (type pdf)
<use database/utility_designer_manual.pdf, page 1>
Package pdftex.def Info: database/utility_designer_manual.pdf , page1 used on i
nput line 4.
(pdftex.def)             Requested size: 552.86038pt x 715.4664pt.
[63





]
File: database/utility_designer_manual.pdf Graphic file (type pdf)
<use database/utility_designer_manual.pdf, page 1>
Package pdftex.def Info: database/utility_designer_manual.pdf , page1 used on i
nput line 4.
(pdftex.def)             Requested size: 552.86038pt x 715.4664pt.
File: database/utility_designer_manual.pdf Graphic file (type pdf)
<use database/utility_designer_manual.pdf, page 1>
Package pdftex.def Info: database/utility_designer_manual.pdf , page1 used on i
nput line 4.
(pdftex.def)             Requested size: 552.86038pt x 715.4664pt.
File: database/utility_designer_manual.pdf Graphic file (type pdf)
<use database/utility_designer_manual.pdf, page 1>
Package pdftex.def Info: database/utility_designer_manual.pdf , page1 used on i
nput line 4.
(pdftex.def)             Requested size: 552.86038pt x 715.4664pt.
 [64 <./database/utility_designer_manual.pdf>]

pdfTeX warning: pdflatex (file ./database/utility_designer_manual.pdf): PDF inc
lusion: found PDF version <1.7>, but at most version <1.5> allowed
<database/utility_designer_manual.pdf, id=733, page=2, 614.295pt x 794.97pt>
File: database/utility_designer_manual.pdf Graphic file (type pdf)
<use database/utility_designer_manual.pdf, page 2>
Package pdftex.def Info: database/utility_designer_manual.pdf , page2 used on i
nput line 4.
(pdftex.def)             Requested size: 552.86038pt x 715.4664pt.
File: database/utility_designer_manual.pdf Graphic file (type pdf)
<use database/utility_designer_manual.pdf, page 2>
Package pdftex.def Info: database/utility_designer_manual.pdf , page2 used on i
nput line 4.
(pdftex.def)             Requested size: 552.86038pt x 715.4664pt.
File: database/utility_designer_manual.pdf Graphic file (type pdf)
<use database/utility_designer_manual.pdf, page 2>
Package pdftex.def Info: database/utility_designer_manual.pdf , page2 used on i
nput line 4.
(pdftex.def)             Requested size: 552.86038pt x 715.4664pt.
[65 <./database/utility_designer_manual.pdf>]

pdfTeX warning: pdflatex (file ./database/utility_designer_manual.pdf): PDF inc
lusion: found PDF version <1.7>, but at most version <1.5> allowed
<database/utility_designer_manual.pdf, id=743, page=3, 614.295pt x 794.97pt>
File: database/utility_designer_manual.pdf Graphic file (type pdf)
<use database/utility_designer_manual.pdf, page 3>
Package pdftex.def Info: database/utility_designer_manual.pdf , page3 used on i
nput line 4.
(pdftex.def)             Requested size: 552.86038pt x 715.4664pt.
File: database/utility_designer_manual.pdf Graphic file (type pdf)
<use database/utility_designer_manual.pdf, page 3>
Package pdftex.def Info: database/utility_designer_manual.pdf , page3 used on i
nput line 4.
(pdftex.def)             Requested size: 552.86038pt x 715.4664pt.
File: database/utility_designer_manual.pdf Graphic file (type pdf)
<use database/utility_designer_manual.pdf, page 3>
Package pdftex.def Info: database/utility_designer_manual.pdf , page3 used on i
nput line 4.
(pdftex.def)             Requested size: 552.86038pt x 715.4664pt.
[66 <./database/utility_designer_manual.pdf>]

pdfTeX warning: pdflatex (file ./database/utility_designer_manual.pdf): PDF inc
lusion: found PDF version <1.7>, but at most version <1.5> allowed
<database/utility_designer_manual.pdf, id=754, page=4, 614.295pt x 794.97pt>
File: database/utility_designer_manual.pdf Graphic file (type pdf)
<use database/utility_designer_manual.pdf, page 4>
Package pdftex.def Info: database/utility_designer_manual.pdf , page4 used on i
nput line 4.
(pdftex.def)             Requested size: 552.86038pt x 715.4664pt.
File: database/utility_designer_manual.pdf Graphic file (type pdf)
<use database/utility_designer_manual.pdf, page 4>
Package pdftex.def Info: database/utility_designer_manual.pdf , page4 used on i
nput line 4.
(pdftex.def)             Requested size: 552.86038pt x 715.4664pt.
File: database/utility_designer_manual.pdf Graphic file (type pdf)
<use database/utility_designer_manual.pdf, page 4>
Package pdftex.def Info: database/utility_designer_manual.pdf , page4 used on i
nput line 4.
(pdftex.def)             Requested size: 552.86038pt x 715.4664pt.
[67 <./database/utility_designer_manual.pdf>]

pdfTeX warning: pdflatex (file ./database/utility_designer_manual.pdf): PDF inc
lusion: found PDF version <1.7>, but at most version <1.5> allowed
<database/utility_designer_manual.pdf, id=765, page=5, 614.295pt x 794.97pt>
File: database/utility_designer_manual.pdf Graphic file (type pdf)
<use database/utility_designer_manual.pdf, page 5>
Package pdftex.def Info: database/utility_designer_manual.pdf , page5 used on i
nput line 4.
(pdftex.def)             Requested size: 552.86038pt x 715.4664pt.
File: database/utility_designer_manual.pdf Graphic file (type pdf)
<use database/utility_designer_manual.pdf, page 5>
Package pdftex.def Info: database/utility_designer_manual.pdf , page5 used on i
nput line 4.
(pdftex.def)             Requested size: 552.86038pt x 715.4664pt.
File: database/utility_designer_manual.pdf Graphic file (type pdf)
<use database/utility_designer_manual.pdf, page 5>
Package pdftex.def Info: database/utility_designer_manual.pdf , page5 used on i
nput line 4.
(pdftex.def)             Requested size: 552.86038pt x 715.4664pt.
[68 <./database/utility_designer_manual.pdf>]

pdfTeX warning: pdflatex (file ./database/utility_designer_manual.pdf): PDF inc
lusion: found PDF version <1.7>, but at most version <1.5> allowed
<database/utility_designer_manual.pdf, id=780, page=6, 614.295pt x 794.97pt>
File: database/utility_designer_manual.pdf Graphic file (type pdf)
<use database/utility_designer_manual.pdf, page 6>
Package pdftex.def Info: database/utility_designer_manual.pdf , page6 used on i
nput line 4.
(pdftex.def)             Requested size: 552.86038pt x 715.4664pt.
File: database/utility_designer_manual.pdf Graphic file (type pdf)
<use database/utility_designer_manual.pdf, page 6>
Package pdftex.def Info: database/utility_designer_manual.pdf , page6 used on i
nput line 4.
(pdftex.def)             Requested size: 552.86038pt x 715.4664pt.
File: database/utility_designer_manual.pdf Graphic file (type pdf)
<use database/utility_designer_manual.pdf, page 6>
Package pdftex.def Info: database/utility_designer_manual.pdf , page6 used on i
nput line 4.
(pdftex.def)             Requested size: 552.86038pt x 715.4664pt.
[69 <./database/utility_designer_manual.pdf>]

pdfTeX warning: pdflatex (file ./database/utility_designer_manual.pdf): PDF inc
lusion: found PDF version <1.7>, but at most version <1.5> allowed
<database/utility_designer_manual.pdf, id=793, page=7, 614.295pt x 794.97pt>
File: database/utility_designer_manual.pdf Graphic file (type pdf)
<use database/utility_designer_manual.pdf, page 7>
Package pdftex.def Info: database/utility_designer_manual.pdf , page7 used on i
nput line 4.
(pdftex.def)             Requested size: 552.86038pt x 715.4664pt.
File: database/utility_designer_manual.pdf Graphic file (type pdf)
<use database/utility_designer_manual.pdf, page 7>
Package pdftex.def Info: database/utility_designer_manual.pdf , page7 used on i
nput line 4.
(pdftex.def)             Requested size: 552.86038pt x 715.4664pt.
File: database/utility_designer_manual.pdf Graphic file (type pdf)
<use database/utility_designer_manual.pdf, page 7>
Package pdftex.def Info: database/utility_designer_manual.pdf , page7 used on i
nput line 4.
(pdftex.def)             Requested size: 552.86038pt x 715.4664pt.
[70 <./database/utility_designer_manual.pdf>]

pdfTeX warning: pdflatex (file ./database/utility_designer_manual.pdf): PDF inc
lusion: found PDF version <1.7>, but at most version <1.5> allowed
<database/utility_designer_manual.pdf, id=801, page=8, 614.295pt x 794.97pt>
File: database/utility_designer_manual.pdf Graphic file (type pdf)
<use database/utility_designer_manual.pdf, page 8>
Package pdftex.def Info: database/utility_designer_manual.pdf , page8 used on i
nput line 4.
(pdftex.def)             Requested size: 552.86038pt x 715.4664pt.
File: database/utility_designer_manual.pdf Graphic file (type pdf)
<use database/utility_designer_manual.pdf, page 8>
Package pdftex.def Info: database/utility_designer_manual.pdf , page8 used on i
nput line 4.
(pdftex.def)             Requested size: 552.86038pt x 715.4664pt.
File: database/utility_designer_manual.pdf Graphic file (type pdf)
<use database/utility_designer_manual.pdf, page 8>
Package pdftex.def Info: database/utility_designer_manual.pdf , page8 used on i
nput line 4.
(pdftex.def)             Requested size: 552.86038pt x 715.4664pt.
[71 <./database/utility_designer_manual.pdf>]

pdfTeX warning: pdflatex (file ./database/utility_designer_manual.pdf): PDF inc
lusion: found PDF version <1.7>, but at most version <1.5> allowed
<database/utility_designer_manual.pdf, id=808, page=9, 614.295pt x 794.97pt>
File: database/utility_designer_manual.pdf Graphic file (type pdf)
<use database/utility_designer_manual.pdf, page 9>
Package pdftex.def Info: database/utility_designer_manual.pdf , page9 used on i
nput line 4.
(pdftex.def)             Requested size: 552.86038pt x 715.4664pt.
File: database/utility_designer_manual.pdf Graphic file (type pdf)
<use database/utility_designer_manual.pdf, page 9>
Package pdftex.def Info: database/utility_designer_manual.pdf , page9 used on i
nput line 4.
(pdftex.def)             Requested size: 552.86038pt x 715.4664pt.
File: database/utility_designer_manual.pdf Graphic file (type pdf)
<use database/utility_designer_manual.pdf, page 9>
Package pdftex.def Info: database/utility_designer_manual.pdf , page9 used on i
nput line 4.
(pdftex.def)             Requested size: 552.86038pt x 715.4664pt.
[72 <./database/utility_designer_manual.pdf>]

pdfTeX warning: pdflatex (file ./database/utility_designer_manual.pdf): PDF inc
lusion: found PDF version <1.7>, but at most version <1.5> allowed
<database/utility_designer_manual.pdf, id=822, page=10, 614.295pt x 794.97pt>
File: database/utility_designer_manual.pdf Graphic file (type pdf)
<use database/utility_designer_manual.pdf, page 10>
Package pdftex.def Info: database/utility_designer_manual.pdf , page10 used on 
input line 4.
(pdftex.def)             Requested size: 552.86038pt x 715.4664pt.
File: database/utility_designer_manual.pdf Graphic file (type pdf)
<use database/utility_designer_manual.pdf, page 10>
Package pdftex.def Info: database/utility_designer_manual.pdf , page10 used on 
input line 4.
(pdftex.def)             Requested size: 552.86038pt x 715.4664pt.
File: database/utility_designer_manual.pdf Graphic file (type pdf)
<use database/utility_designer_manual.pdf, page 10>
Package pdftex.def Info: database/utility_designer_manual.pdf , page10 used on 
input line 4.
(pdftex.def)             Requested size: 552.86038pt x 715.4664pt.
[73 <./database/utility_designer_manual.pdf>]

pdfTeX warning: pdflatex (file ./database/utility_designer_manual.pdf): PDF inc
lusion: found PDF version <1.7>, but at most version <1.5> allowed
<database/utility_designer_manual.pdf, id=837, page=11, 614.295pt x 794.97pt>
File: database/utility_designer_manual.pdf Graphic file (type pdf)
<use database/utility_designer_manual.pdf, page 11>
Package pdftex.def Info: database/utility_designer_manual.pdf , page11 used on 
input line 4.
(pdftex.def)             Requested size: 552.86038pt x 715.4664pt.
File: database/utility_designer_manual.pdf Graphic file (type pdf)
<use database/utility_designer_manual.pdf, page 11>
Package pdftex.def Info: database/utility_designer_manual.pdf , page11 used on 
input line 4.
(pdftex.def)             Requested size: 552.86038pt x 715.4664pt.
File: database/utility_designer_manual.pdf Graphic file (type pdf)
<use database/utility_designer_manual.pdf, page 11>
Package pdftex.def Info: database/utility_designer_manual.pdf , page11 used on 
input line 4.
(pdftex.def)             Requested size: 552.86038pt x 715.4664pt.
[74 <./database/utility_designer_manual.pdf>]

pdfTeX warning: pdflatex (file ./database/utility_designer_manual.pdf): PDF inc
lusion: found PDF version <1.7>, but at most version <1.5> allowed
<database/utility_designer_manual.pdf, id=844, page=12, 614.295pt x 794.97pt>
File: database/utility_designer_manual.pdf Graphic file (type pdf)
<use database/utility_designer_manual.pdf, page 12>
Package pdftex.def Info: database/utility_designer_manual.pdf , page12 used on 
input line 4.
(pdftex.def)             Requested size: 552.86038pt x 715.4664pt.
File: database/utility_designer_manual.pdf Graphic file (type pdf)
<use database/utility_designer_manual.pdf, page 12>
Package pdftex.def Info: database/utility_designer_manual.pdf , page12 used on 
input line 4.
(pdftex.def)             Requested size: 552.86038pt x 715.4664pt.
File: database/utility_designer_manual.pdf Graphic file (type pdf)
<use database/utility_designer_manual.pdf, page 12>
Package pdftex.def Info: database/utility_designer_manual.pdf , page12 used on 
input line 4.
(pdftex.def)             Requested size: 552.86038pt x 715.4664pt.
[75 <./database/utility_designer_manual.pdf>]

pdfTeX warning: pdflatex (file ./database/utility_designer_manual.pdf): PDF inc
lusion: found PDF version <1.7>, but at most version <1.5> allowed
<database/utility_designer_manual.pdf, id=850, page=13, 614.295pt x 794.97pt>
File: database/utility_designer_manual.pdf Graphic file (type pdf)
<use database/utility_designer_manual.pdf, page 13>
Package pdftex.def Info: database/utility_designer_manual.pdf , page13 used on 
input line 4.
(pdftex.def)             Requested size: 552.86038pt x 715.4664pt.
File: database/utility_designer_manual.pdf Graphic file (type pdf)
<use database/utility_designer_manual.pdf, page 13>
Package pdftex.def Info: database/utility_designer_manual.pdf , page13 used on 
input line 4.
(pdftex.def)             Requested size: 552.86038pt x 715.4664pt.
File: database/utility_designer_manual.pdf Graphic file (type pdf)
<use database/utility_designer_manual.pdf, page 13>
Package pdftex.def Info: database/utility_designer_manual.pdf , page13 used on 
input line 4.
(pdftex.def)             Requested size: 552.86038pt x 715.4664pt.
[76 <./database/utility_designer_manual.pdf>]

pdfTeX warning: pdflatex (file ./database/utility_designer_manual.pdf): PDF inc
lusion: found PDF version <1.7>, but at most version <1.5> allowed
<database/utility_designer_manual.pdf, id=856, page=14, 614.295pt x 794.97pt>
File: database/utility_designer_manual.pdf Graphic file (type pdf)
<use database/utility_designer_manual.pdf, page 14>
Package pdftex.def Info: database/utility_designer_manual.pdf , page14 used on 
input line 4.
(pdftex.def)             Requested size: 552.86038pt x 715.4664pt.
File: database/utility_designer_manual.pdf Graphic file (type pdf)
<use database/utility_designer_manual.pdf, page 14>
Package pdftex.def Info: database/utility_designer_manual.pdf , page14 used on 
input line 4.
(pdftex.def)             Requested size: 552.86038pt x 715.4664pt.
File: database/utility_designer_manual.pdf Graphic file (type pdf)
<use database/utility_designer_manual.pdf, page 14>
Package pdftex.def Info: database/utility_designer_manual.pdf , page14 used on 
input line 4.
(pdftex.def)             Requested size: 552.86038pt x 715.4664pt.
[77 <./database/utility_designer_manual.pdf>]

pdfTeX warning: pdflatex (file ./database/utility_designer_manual.pdf): PDF inc
lusion: found PDF version <1.7>, but at most version <1.5> allowed
<database/utility_designer_manual.pdf, id=862, page=15, 614.295pt x 794.97pt>
File: database/utility_designer_manual.pdf Graphic file (type pdf)
<use database/utility_designer_manual.pdf, page 15>
Package pdftex.def Info: database/utility_designer_manual.pdf , page15 used on 
input line 4.
(pdftex.def)             Requested size: 552.86038pt x 715.4664pt.
File: database/utility_designer_manual.pdf Graphic file (type pdf)
<use database/utility_designer_manual.pdf, page 15>
Package pdftex.def Info: database/utility_designer_manual.pdf , page15 used on 
input line 4.
(pdftex.def)             Requested size: 552.86038pt x 715.4664pt.
File: database/utility_designer_manual.pdf Graphic file (type pdf)
<use database/utility_designer_manual.pdf, page 15>
Package pdftex.def Info: database/utility_designer_manual.pdf , page15 used on 
input line 4.
(pdftex.def)             Requested size: 552.86038pt x 715.4664pt.
[78 <./database/utility_designer_manual.pdf>]

pdfTeX warning: pdflatex (file ./database/utility_designer_manual.pdf): PDF inc
lusion: found PDF version <1.7>, but at most version <1.5> allowed
<database/utility_designer_manual.pdf, id=869, page=16, 614.295pt x 794.97pt>
File: database/utility_designer_manual.pdf Graphic file (type pdf)
<use database/utility_designer_manual.pdf, page 16>
Package pdftex.def Info: database/utility_designer_manual.pdf , page16 used on 
input line 4.
(pdftex.def)             Requested size: 552.86038pt x 715.4664pt.
File: database/utility_designer_manual.pdf Graphic file (type pdf)
<use database/utility_designer_manual.pdf, page 16>
Package pdftex.def Info: database/utility_designer_manual.pdf , page16 used on 
input line 4.
(pdftex.def)             Requested size: 552.86038pt x 715.4664pt.
File: database/utility_designer_manual.pdf Graphic file (type pdf)
<use database/utility_designer_manual.pdf, page 16>
Package pdftex.def Info: database/utility_designer_manual.pdf , page16 used on 
input line 4.
(pdftex.def)             Requested size: 552.86038pt x 715.4664pt.
[79 <./database/utility_designer_manual.pdf>])

Package glossaries Warning: No \printglossary or \printglossaries found. 
(Remove \makeglossaries if you don't want any glossaries.) 
This document will not have a glossary.

(Documentation.aux (leader/frontpage_with_picture.aux) (leader/versions.aux)
(leader/management_summary.aux) (chapters/introduction.aux)
(chapters/projectevolution.aux) (chapters/behaviourtrees.aux)
(chapters/utilityai.aux) (chapters/comparisontoothersolutions.aux)
(chapters/utilitydesigner.aux) (chapters/performance.aux)
(chapters/nextsteps.aux) (chapters/conclusions.aux)
(leader/declaration_authorship.aux) (appendix/requirementspecification.aux)
(appendix/appendixgit.aux) (appendix/appendixstories.aux)
(appendix/appendixtimetable.aux) (appendix/appendixutilitydesignermanual.aux))

LaTeX Font Warning: Some font shapes were not available, defaults substituted.


LaTeX Warning: There were multiply-defined labels.

Package rerunfilecheck Info: File `Documentation.out' has not changed.
(rerunfilecheck)             Checksum: D41D8CD98F00B204E9800998ECF8427E;0.
 ) 
Here is how much of TeX's memory you used:
 25792 strings out of 475281
 492228 string characters out of 2783880
 980897 words of memory out of 3000000
 46334 multiletter control sequences out of 15000+600000
 514927 words of font info for 130 fonts, out of 8000000 for 9000
 1141 hyphenation exceptions out of 8191
 108i,18n,106p,10610b,662s stack positions out of 10000i,1000n,20000p,200000b,80000s
 <C:\Users\et14k\AppData\Local\MiKTeX\fonts/pk/ljfour/jknappen/ec/dpi600\tcrm
1095.pk> <C:\Users\et14k\AppData\Local\MiKTeX\fonts/pk/ljfour/public/cmbright/d
pi600\cmbr8.pk> <C:\Users\et14k\AppData\Local\MiKTeX\fonts/pk/ljfour/public/cmb
right/dpi600\cmbrmi8.pk> <C:\Users\et14k\AppData\Local\MiKTeX\fonts/pk/ljfour/p
ublic/cmbright/dpi657\cmbrsy10.pk> <C:\Users\et14k\AppData\Local\MiKTeX\fonts/p
k/ljfour/public/cmbright/dpi657\cmbr10.pk> <C:\Users\et14k\AppData\Local\MiKTeX
\fonts/pk/ljfour/public/cmbright/dpi657\cmbrmi10.pk><C:/Program Files/MiKTeX/fo
nts/type1/public/amsfonts/cm/cmex10.pfb><C:/Program Files/MiKTeX/fonts/type1/pu
blic/amsfonts/cm/cmmi10.pfb><C:/Program Files/MiKTeX/fonts/type1/public/amsfont
s/cm/cmss10.pfb><C:/Program Files/MiKTeX/fonts/type1/public/amsfonts/cm/cmss12.
pfb><C:/Program Files/MiKTeX/fonts/type1/public/amsfonts/cm/cmss17.pfb><C:/Prog
ram Files/MiKTeX/fonts/type1/public/amsfonts/cm/cmss8.pfb><C:/Program Files/MiK
TeX/fonts/type1/public/amsfonts/cm/cmss9.pfb><C:/Program Files/MiKTeX/fonts/typ
e1/public/amsfonts/cm/cmssbx10.pfb><C:/Program Files/MiKTeX/fonts/type1/public/
amsfonts/cm/cmssi10.pfb><C:/Program Files/MiKTeX/fonts/type1/public/amsfonts/cm
/cmsy10.pfb><C:/Program Files/MiKTeX/fonts/type1/public/amsfonts/cm/cmsy9.pfb><
C:/Program Files/MiKTeX/fonts/type1/public/amsfonts/cm/cmtt9.pfb>
Output written on Documentation.pdf (85 pages, 7234836 bytes).
PDF statistics:
 1244 PDF objects out of 1440 (max. 8388607)
 253 named destinations out of 1000 (max. 500000)
 838 words of extra memory for PDF output out of 10000 (max. 10000000)

